This is pdfTeX, Version 3.141592653-2.6-1.40.24 (TeX Live 2022) (preloaded format=pdflatex 2022.4.19)  10 MAY 2022 22:00
entering extended mode
 restricted \write18 enabled.
 %&-line parsing enabled.
**Presentation.tex
(./Presentation.tex
LaTeX2e <2021-11-15> patch level 1
L3 programming layer <2022-04-10> (y:/TinyTeX/texmf-dist/tex/latex/beamer/beamer.cls
Document Class: beamer 2022/02/08 v3.66 A class for typesetting presentations
(y:/TinyTeX/texmf-dist/tex/latex/beamer/beamerbasemodes.sty (y:/TinyTeX/texmf-dist/tex/latex/etoolbox/etoolbox.sty
Package: etoolbox 2020/10/05 v2.5k e-TeX tools for LaTeX (JAW)
\etb@tempcnta=\count185
)
\beamer@tempbox=\box50
\beamer@tempcount=\count186
\c@beamerpauses=\count187
(y:/TinyTeX/texmf-dist/tex/latex/beamer/beamerbasedecode.sty
\beamer@slideinframe=\count188
\beamer@minimum=\count189
\beamer@decode@box=\box51
)
\beamer@commentbox=\box52
\beamer@modecount=\count190
) (y:/TinyTeX/texmf-dist/tex/generic/iftex/iftex.sty
Package: iftex 2022/02/03 v1.0f TeX engine tests
)
\headdp=\dimen138
\footheight=\dimen139
\sidebarheight=\dimen140
\beamer@tempdim=\dimen141
\beamer@finalheight=\dimen142
\beamer@animht=\dimen143
\beamer@animdp=\dimen144
\beamer@animwd=\dimen145
\beamer@leftmargin=\dimen146
\beamer@rightmargin=\dimen147
\beamer@leftsidebar=\dimen148
\beamer@rightsidebar=\dimen149
\beamer@boxsize=\dimen150
\beamer@vboxoffset=\dimen151
\beamer@descdefault=\dimen152
\beamer@descriptionwidth=\dimen153
\beamer@lastskip=\skip47
\beamer@areabox=\box53
\beamer@animcurrent=\box54
\beamer@animshowbox=\box55
\beamer@sectionbox=\box56
\beamer@logobox=\box57
\beamer@linebox=\box58
\beamer@sectioncount=\count191
\beamer@subsubsectionmax=\count192
\beamer@subsectionmax=\count193
\beamer@sectionmax=\count194
\beamer@totalheads=\count195
\beamer@headcounter=\count196
\beamer@partstartpage=\count197
\beamer@sectionstartpage=\count198
\beamer@subsectionstartpage=\count199
\beamer@animationtempa=\count266
\beamer@animationtempb=\count267
\beamer@xpos=\count268
\beamer@ypos=\count269
\beamer@ypos@offset=\count270
\beamer@showpartnumber=\count271
\beamer@currentsubsection=\count272
\beamer@coveringdepth=\count273
\beamer@sectionadjust=\count274
\beamer@toclastsection=\count275
\beamer@tocsectionnumber=\count276
(y:/TinyTeX/texmf-dist/tex/latex/beamer/beamerbaseoptions.sty (y:/TinyTeX/texmf-dist/tex/latex/graphics/keyval.sty
Package: keyval 2014/10/28 v1.15 key=value parser (DPC)
\KV@toks@=\toks16
))
\beamer@paperwidth=\skip48
\beamer@paperheight=\skip49
(y:/TinyTeX/texmf-dist/tex/latex/geometry/geometry.sty
Package: geometry 2020/01/02 v5.9 Page Geometry
(y:/TinyTeX/texmf-dist/tex/generic/iftex/ifvtex.sty
Package: ifvtex 2019/10/25 v1.7 ifvtex legacy package. Use iftex instead.
)
\Gm@cnth=\count277
\Gm@cntv=\count278
\c@Gm@tempcnt=\count279
\Gm@bindingoffset=\dimen154
\Gm@wd@mp=\dimen155
\Gm@odd@mp=\dimen156
\Gm@even@mp=\dimen157
\Gm@layoutwidth=\dimen158
\Gm@layoutheight=\dimen159
\Gm@layouthoffset=\dimen160
\Gm@layoutvoffset=\dimen161
\Gm@dimlist=\toks17
) (y:/TinyTeX/texmf-dist/tex/latex/pgf/math/pgfmath.sty (y:/TinyTeX/texmf-dist/tex/latex/pgf/utilities/pgfrcs.sty (y:/TinyTeX/texmf-dist/tex/generic/pgf/utilities/pgfutil-common.tex
\pgfutil@everybye=\toks18
\pgfutil@tempdima=\dimen162
\pgfutil@tempdimb=\dimen163
(y:/TinyTeX/texmf-dist/tex/generic/pgf/utilities/pgfutil-common-lists.tex)) (y:/TinyTeX/texmf-dist/tex/generic/pgf/utilities/pgfutil-latex.def
\pgfutil@abb=\box59
) (y:/TinyTeX/texmf-dist/tex/generic/pgf/utilities/pgfrcs.code.tex (y:/TinyTeX/texmf-dist/tex/generic/pgf/pgf.revision.tex)
Package: pgfrcs 2021/05/15 v3.1.9a (3.1.9a)
)) (y:/TinyTeX/texmf-dist/tex/latex/pgf/utilities/pgfkeys.sty (y:/TinyTeX/texmf-dist/tex/generic/pgf/utilities/pgfkeys.code.tex
\pgfkeys@pathtoks=\toks19
\pgfkeys@temptoks=\toks20
(y:/TinyTeX/texmf-dist/tex/generic/pgf/utilities/pgfkeysfiltered.code.tex
\pgfkeys@tmptoks=\toks21
))) (y:/TinyTeX/texmf-dist/tex/generic/pgf/math/pgfmath.code.tex (y:/TinyTeX/texmf-dist/tex/generic/pgf/math/pgfmathcalc.code.tex (y:/TinyTeX/texmf-dist/tex/generic/pgf/math/pgfmathutil.code.tex
\pgf@x=\dimen164
\pgf@xa=\dimen165
\pgf@xb=\dimen166
\pgf@xc=\dimen167
\pgf@y=\dimen168
\pgf@ya=\dimen169
\pgf@yb=\dimen170
\pgf@yc=\dimen171
\c@pgf@counta=\count280
\c@pgf@countb=\count281
\c@pgf@countc=\count282
\c@pgf@countd=\count283
) (y:/TinyTeX/texmf-dist/tex/generic/pgf/math/pgfmathparser.code.tex
\pgfmath@dimen=\dimen172
\pgfmath@count=\count284
\pgfmath@box=\box60
\pgfmath@toks=\toks22
\pgfmath@stack@operand=\toks23
\pgfmath@stack@operation=\toks24
) (y:/TinyTeX/texmf-dist/tex/generic/pgf/math/pgfmathfunctions.code.tex (y:/TinyTeX/texmf-dist/tex/generic/pgf/math/pgfmathfunctions.basic.code.tex) (y:/TinyTeX/texmf-dist/tex/generic/pgf/math/pgfmathfunctions.trigonometric.code.tex) (y:/TinyTeX/texmf-dist/tex/generic/pgf/math/pgfmathfunctions.random.code.tex) (y:/TinyTeX/texmf-dist/tex/generic/pgf/math/pgfmathfunctions.comparison.code.tex) (y:/TinyTeX/texmf-dist/tex/generic/pgf/math/pgfmathfunctions.base.code.tex) (y:/TinyTeX/texmf-dist/tex/generic/pgf/math/pgfmathfunctions.round.code.tex) (y:/TinyTeX/texmf-dist/tex/generic/pgf/math/pgfmathfunctions.misc.code.tex) (y:/TinyTeX/texmf-dist/tex/generic/pgf/math/pgfmathfunctions.integerarithmetics.code.tex))) (y:/TinyTeX/texmf-dist/tex/generic/pgf/math/pgfmathfloat.code.tex
\c@pgfmathroundto@lastzeros=\count285
))) (y:/TinyTeX/texmf-dist/tex/latex/base/size11.clo
File: size11.clo 2021/10/04 v1.4n Standard LaTeX file (size option)
) (y:/TinyTeX/texmf-dist/tex/latex/pgf/basiclayer/pgfcore.sty (y:/TinyTeX/texmf-dist/tex/latex/graphics/graphicx.sty
Package: graphicx 2021/09/16 v1.2d Enhanced LaTeX Graphics (DPC,SPQR)
(y:/TinyTeX/texmf-dist/tex/latex/graphics/graphics.sty
Package: graphics 2021/03/04 v1.4d Standard LaTeX Graphics (DPC,SPQR)
(y:/TinyTeX/texmf-dist/tex/latex/graphics/trig.sty
Package: trig 2021/08/11 v1.11 sin cos tan (DPC)
) (y:/TinyTeX/texmf-dist/tex/latex/graphics-cfg/graphics.cfg
File: graphics.cfg 2016/06/04 v1.11 sample graphics configuration
)
Package graphics Info: Driver file: pdftex.def on input line 107.
(y:/TinyTeX/texmf-dist/tex/latex/graphics-def/pdftex.def
File: pdftex.def 2020/10/05 v1.2a Graphics/color driver for pdftex
))
\Gin@req@height=\dimen173
\Gin@req@width=\dimen174
) (y:/TinyTeX/texmf-dist/tex/latex/pgf/systemlayer/pgfsys.sty (y:/TinyTeX/texmf-dist/tex/generic/pgf/systemlayer/pgfsys.code.tex
Package: pgfsys 2021/05/15 v3.1.9a (3.1.9a)
(y:/TinyTeX/texmf-dist/tex/generic/pgf/utilities/pgfkeys.code.tex)
\pgf@x=\dimen175
\pgf@y=\dimen176
\pgf@xa=\dimen177
\pgf@ya=\dimen178
\pgf@xb=\dimen179
\pgf@yb=\dimen180
\pgf@xc=\dimen181
\pgf@yc=\dimen182
\pgf@xd=\dimen183
\pgf@yd=\dimen184
\w@pgf@writea=\write3
\r@pgf@reada=\read2
\c@pgf@counta=\count286
\c@pgf@countb=\count287
\c@pgf@countc=\count288
\c@pgf@countd=\count289
\t@pgf@toka=\toks25
\t@pgf@tokb=\toks26
\t@pgf@tokc=\toks27
\pgf@sys@id@count=\count290
(y:/TinyTeX/texmf-dist/tex/generic/pgf/systemlayer/pgf.cfg
File: pgf.cfg 2021/05/15 v3.1.9a (3.1.9a)
)
Driver file for pgf: pgfsys-pdftex.def
(y:/TinyTeX/texmf-dist/tex/generic/pgf/systemlayer/pgfsys-pdftex.def
File: pgfsys-pdftex.def 2021/05/15 v3.1.9a (3.1.9a)
(y:/TinyTeX/texmf-dist/tex/generic/pgf/systemlayer/pgfsys-common-pdf.def
File: pgfsys-common-pdf.def 2021/05/15 v3.1.9a (3.1.9a)
))) (y:/TinyTeX/texmf-dist/tex/generic/pgf/systemlayer/pgfsyssoftpath.code.tex
File: pgfsyssoftpath.code.tex 2021/05/15 v3.1.9a (3.1.9a)
\pgfsyssoftpath@smallbuffer@items=\count291
\pgfsyssoftpath@bigbuffer@items=\count292
) (y:/TinyTeX/texmf-dist/tex/generic/pgf/systemlayer/pgfsysprotocol.code.tex
File: pgfsysprotocol.code.tex 2021/05/15 v3.1.9a (3.1.9a)
)) (y:/TinyTeX/texmf-dist/tex/latex/xcolor/xcolor.sty
Package: xcolor 2021/10/31 v2.13 LaTeX color extensions (UK)
(y:/TinyTeX/texmf-dist/tex/latex/graphics-cfg/color.cfg
File: color.cfg 2016/01/02 v1.6 sample color configuration
)
Package xcolor Info: Driver file: pdftex.def on input line 227.
Package xcolor Info: Model `cmy' substituted by `cmy0' on input line 1352.
Package xcolor Info: Model `hsb' substituted by `rgb' on input line 1356.
Package xcolor Info: Model `RGB' extended on input line 1368.
Package xcolor Info: Model `HTML' substituted by `rgb' on input line 1370.
Package xcolor Info: Model `Hsb' substituted by `hsb' on input line 1371.
Package xcolor Info: Model `tHsb' substituted by `hsb' on input line 1372.
Package xcolor Info: Model `HSB' substituted by `hsb' on input line 1373.
Package xcolor Info: Model `Gray' substituted by `gray' on input line 1374.
Package xcolor Info: Model `wave' substituted by `hsb' on input line 1375.
) (y:/TinyTeX/texmf-dist/tex/generic/pgf/basiclayer/pgfcore.code.tex
Package: pgfcore 2021/05/15 v3.1.9a (3.1.9a)
(y:/TinyTeX/texmf-dist/tex/generic/pgf/math/pgfmath.code.tex) (y:/TinyTeX/texmf-dist/tex/generic/pgf/math/pgfint.code.tex) (y:/TinyTeX/texmf-dist/tex/generic/pgf/basiclayer/pgfcorepoints.code.tex
File: pgfcorepoints.code.tex 2021/05/15 v3.1.9a (3.1.9a)
\pgf@picminx=\dimen185
\pgf@picmaxx=\dimen186
\pgf@picminy=\dimen187
\pgf@picmaxy=\dimen188
\pgf@pathminx=\dimen189
\pgf@pathmaxx=\dimen190
\pgf@pathminy=\dimen191
\pgf@pathmaxy=\dimen192
\pgf@xx=\dimen193
\pgf@xy=\dimen194
\pgf@yx=\dimen195
\pgf@yy=\dimen196
\pgf@zx=\dimen197
\pgf@zy=\dimen198
) (y:/TinyTeX/texmf-dist/tex/generic/pgf/basiclayer/pgfcorepathconstruct.code.tex
File: pgfcorepathconstruct.code.tex 2021/05/15 v3.1.9a (3.1.9a)
\pgf@path@lastx=\dimen199
\pgf@path@lasty=\dimen256
) (y:/TinyTeX/texmf-dist/tex/generic/pgf/basiclayer/pgfcorepathusage.code.tex
File: pgfcorepathusage.code.tex 2021/05/15 v3.1.9a (3.1.9a)
\pgf@shorten@end@additional=\dimen257
\pgf@shorten@start@additional=\dimen258
) (y:/TinyTeX/texmf-dist/tex/generic/pgf/basiclayer/pgfcorescopes.code.tex
File: pgfcorescopes.code.tex 2021/05/15 v3.1.9a (3.1.9a)
\pgfpic=\box61
\pgf@hbox=\box62
\pgf@layerbox@main=\box63
\pgf@picture@serial@count=\count293
) (y:/TinyTeX/texmf-dist/tex/generic/pgf/basiclayer/pgfcoregraphicstate.code.tex
File: pgfcoregraphicstate.code.tex 2021/05/15 v3.1.9a (3.1.9a)
\pgflinewidth=\dimen259
) (y:/TinyTeX/texmf-dist/tex/generic/pgf/basiclayer/pgfcoretransformations.code.tex
File: pgfcoretransformations.code.tex 2021/05/15 v3.1.9a (3.1.9a)
\pgf@pt@x=\dimen260
\pgf@pt@y=\dimen261
\pgf@pt@temp=\dimen262
) (y:/TinyTeX/texmf-dist/tex/generic/pgf/basiclayer/pgfcorequick.code.tex
File: pgfcorequick.code.tex 2021/05/15 v3.1.9a (3.1.9a)
) (y:/TinyTeX/texmf-dist/tex/generic/pgf/basiclayer/pgfcoreobjects.code.tex
File: pgfcoreobjects.code.tex 2021/05/15 v3.1.9a (3.1.9a)
) (y:/TinyTeX/texmf-dist/tex/generic/pgf/basiclayer/pgfcorepathprocessing.code.tex
File: pgfcorepathprocessing.code.tex 2021/05/15 v3.1.9a (3.1.9a)
) (y:/TinyTeX/texmf-dist/tex/generic/pgf/basiclayer/pgfcorearrows.code.tex
File: pgfcorearrows.code.tex 2021/05/15 v3.1.9a (3.1.9a)
\pgfarrowsep=\dimen263
) (y:/TinyTeX/texmf-dist/tex/generic/pgf/basiclayer/pgfcoreshade.code.tex
File: pgfcoreshade.code.tex 2021/05/15 v3.1.9a (3.1.9a)
\pgf@max=\dimen264
\pgf@sys@shading@range@num=\count294
\pgf@shadingcount=\count295
) (y:/TinyTeX/texmf-dist/tex/generic/pgf/basiclayer/pgfcoreimage.code.tex
File: pgfcoreimage.code.tex 2021/05/15 v3.1.9a (3.1.9a)
(y:/TinyTeX/texmf-dist/tex/generic/pgf/basiclayer/pgfcoreexternal.code.tex
File: pgfcoreexternal.code.tex 2021/05/15 v3.1.9a (3.1.9a)
\pgfexternal@startupbox=\box64
)) (y:/TinyTeX/texmf-dist/tex/generic/pgf/basiclayer/pgfcorelayers.code.tex
File: pgfcorelayers.code.tex 2021/05/15 v3.1.9a (3.1.9a)
) (y:/TinyTeX/texmf-dist/tex/generic/pgf/basiclayer/pgfcoretransparency.code.tex
File: pgfcoretransparency.code.tex 2021/05/15 v3.1.9a (3.1.9a)
) (y:/TinyTeX/texmf-dist/tex/generic/pgf/basiclayer/pgfcorepatterns.code.tex
File: pgfcorepatterns.code.tex 2021/05/15 v3.1.9a (3.1.9a)
) (y:/TinyTeX/texmf-dist/tex/generic/pgf/basiclayer/pgfcorerdf.code.tex
File: pgfcorerdf.code.tex 2021/05/15 v3.1.9a (3.1.9a)
))) (y:/TinyTeX/texmf-dist/tex/latex/pgf/utilities/xxcolor.sty
Package: xxcolor 2003/10/24 ver 0.1
\XC@nummixins=\count296
\XC@countmixins=\count297
) (y:/TinyTeX/texmf-dist/tex/latex/base/atbegshi-ltx.sty
Package: atbegshi-ltx 2021/01/10 v1.0c Emulation of the original atbegshi
package with kernel methods
) (y:/TinyTeX/texmf-dist/tex/latex/hyperref/hyperref.sty
Package: hyperref 2022-02-21 v7.00n Hypertext links for LaTeX
(y:/TinyTeX/texmf-dist/tex/generic/ltxcmds/ltxcmds.sty
Package: ltxcmds 2020-05-10 v1.25 LaTeX kernel commands for general use (HO)
) (y:/TinyTeX/texmf-dist/tex/generic/pdftexcmds/pdftexcmds.sty
Package: pdftexcmds 2020-06-27 v0.33 Utility functions of pdfTeX for LuaTeX (HO)
(y:/TinyTeX/texmf-dist/tex/generic/infwarerr/infwarerr.sty
Package: infwarerr 2019/12/03 v1.5 Providing info/warning/error messages (HO)
)
Package pdftexcmds Info: \pdf@primitive is available.
Package pdftexcmds Info: \pdf@ifprimitive is available.
Package pdftexcmds Info: \pdfdraftmode found.
) (y:/TinyTeX/texmf-dist/tex/generic/kvsetkeys/kvsetkeys.sty
Package: kvsetkeys 2019/12/15 v1.18 Key value parser (HO)
) (y:/TinyTeX/texmf-dist/tex/generic/kvdefinekeys/kvdefinekeys.sty
Package: kvdefinekeys 2019-12-19 v1.6 Define keys (HO)
) (y:/TinyTeX/texmf-dist/tex/generic/pdfescape/pdfescape.sty
Package: pdfescape 2019/12/09 v1.15 Implements pdfTeX's escape features (HO)
) (y:/TinyTeX/texmf-dist/tex/latex/hycolor/hycolor.sty
Package: hycolor 2020-01-27 v1.10 Color options for hyperref/bookmark (HO)
) (y:/TinyTeX/texmf-dist/tex/latex/letltxmacro/letltxmacro.sty
Package: letltxmacro 2019/12/03 v1.6 Let assignment for LaTeX macros (HO)
) (y:/TinyTeX/texmf-dist/tex/latex/auxhook/auxhook.sty
Package: auxhook 2019-12-17 v1.6 Hooks for auxiliary files (HO)
) (y:/TinyTeX/texmf-dist/tex/latex/kvoptions/kvoptions.sty
Package: kvoptions 2020-10-07 v3.14 Key value format for package options (HO)
)
\@linkdim=\dimen265
\Hy@linkcounter=\count298
\Hy@pagecounter=\count299
(y:/TinyTeX/texmf-dist/tex/latex/hyperref/pd1enc.def
File: pd1enc.def 2022-02-21 v7.00n Hyperref: PDFDocEncoding definition (HO)
Now handling font encoding PD1 ...
... no UTF-8 mapping file for font encoding PD1
) (y:/TinyTeX/texmf-dist/tex/generic/intcalc/intcalc.sty
Package: intcalc 2019/12/15 v1.3 Expandable calculations with integers (HO)
) (y:/TinyTeX/texmf-dist/tex/generic/etexcmds/etexcmds.sty
Package: etexcmds 2019/12/15 v1.7 Avoid name clashes with e-TeX commands (HO)
)
\Hy@SavedSpaceFactor=\count300
(y:/TinyTeX/texmf-dist/tex/latex/hyperref/puenc.def
File: puenc.def 2022-02-21 v7.00n Hyperref: PDF Unicode definition (HO)
Now handling font encoding PU ...
... no UTF-8 mapping file for font encoding PU
)
Package hyperref Info: Option `unicode' set `true' on input line 4018.
Package hyperref Info: Option `bookmarks' set `true' on input line 4018.
Package hyperref Info: Option `bookmarksopen' set `true' on input line 4018.
Package hyperref Info: Option `implicit' set `false' on input line 4018.
Package hyperref Info: Hyper figures OFF on input line 4137.
Package hyperref Info: Link nesting OFF on input line 4142.
Package hyperref Info: Hyper index ON on input line 4145.
Package hyperref Info: Plain pages OFF on input line 4152.
Package hyperref Info: Backreferencing OFF on input line 4157.
Package hyperref Info: Implicit mode OFF; no redefinition of LaTeX internals.
Package hyperref Info: Bookmarks ON on input line 4390.
\c@Hy@tempcnt=\count301
(y:/TinyTeX/texmf-dist/tex/latex/url/url.sty
\Urlmuskip=\muskip16
Package: url 2013/09/16  ver 3.4  Verb mode for urls, etc.
)
LaTeX Info: Redefining \url on input line 4749.
\XeTeXLinkMargin=\dimen266
(y:/TinyTeX/texmf-dist/tex/generic/bitset/bitset.sty
Package: bitset 2019/12/09 v1.3 Handle bit-vector datatype (HO)
(y:/TinyTeX/texmf-dist/tex/generic/bigintcalc/bigintcalc.sty
Package: bigintcalc 2019/12/15 v1.5 Expandable calculations on big integers (HO)
))
\Fld@menulength=\count302
\Field@Width=\dimen267
\Fld@charsize=\dimen268
Package hyperref Info: Hyper figures OFF on input line 6027.
Package hyperref Info: Link nesting OFF on input line 6032.
Package hyperref Info: Hyper index ON on input line 6035.
Package hyperref Info: backreferencing OFF on input line 6042.
Package hyperref Info: Link coloring OFF on input line 6047.
Package hyperref Info: Link coloring with OCG OFF on input line 6052.
Package hyperref Info: PDF/A mode OFF on input line 6057.
LaTeX Info: Redefining \ref on input line 6097.
LaTeX Info: Redefining \pageref on input line 6101.
\Hy@abspage=\count303

Package hyperref Message: Stopped early.

)
Package hyperref Info: Driver (autodetected): hpdftex.
(y:/TinyTeX/texmf-dist/tex/latex/hyperref/hpdftex.def
File: hpdftex.def 2022-02-21 v7.00n Hyperref driver for pdfTeX
(y:/TinyTeX/texmf-dist/tex/latex/base/atveryend-ltx.sty
Package: atveryend-ltx 2020/08/19 v1.0a Emulation of the original atveryend package
with kernel methods
)
\Fld@listcount=\count304
\c@bookmark@seq@number=\count305
(y:/TinyTeX/texmf-dist/tex/latex/rerunfilecheck/rerunfilecheck.sty
Package: rerunfilecheck 2019/12/05 v1.9 Rerun checks for auxiliary files (HO)
(y:/TinyTeX/texmf-dist/tex/generic/uniquecounter/uniquecounter.sty
Package: uniquecounter 2019/12/15 v1.4 Provide unlimited unique counter (HO)
)
Package uniquecounter Info: New unique counter `rerunfilecheck' on input line 286.
)) (y:/TinyTeX/texmf-dist/tex/latex/beamer/beamerbaserequires.sty (y:/TinyTeX/texmf-dist/tex/latex/beamer/beamerbasecompatibility.sty) (y:/TinyTeX/texmf-dist/tex/latex/beamer/beamerbasefont.sty (y:/TinyTeX/texmf-dist/tex/latex/amsfonts/amssymb.sty
Package: amssymb 2013/01/14 v3.01 AMS font symbols
(y:/TinyTeX/texmf-dist/tex/latex/amsfonts/amsfonts.sty
Package: amsfonts 2013/01/14 v3.01 Basic AMSFonts support
\@emptytoks=\toks28
\symAMSa=\mathgroup4
\symAMSb=\mathgroup5
LaTeX Font Info:    Redeclaring math symbol \hbar on input line 98.
LaTeX Font Info:    Overwriting math alphabet `\mathfrak' in version `bold'
(Font)                  U/euf/m/n --> U/euf/b/n on input line 106.
))) (y:/TinyTeX/texmf-dist/tex/latex/beamer/beamerbasetranslator.sty (y:/TinyTeX/texmf-dist/tex/latex/translator/translator.sty
Package: translator 2021-05-31 v1.12d Easy translation of strings in LaTeX
)) (y:/TinyTeX/texmf-dist/tex/latex/beamer/beamerbasemisc.sty) (y:/TinyTeX/texmf-dist/tex/latex/beamer/beamerbasetwoscreens.sty) (y:/TinyTeX/texmf-dist/tex/latex/beamer/beamerbaseoverlay.sty
\beamer@argscount=\count306
\beamer@lastskipcover=\skip50
\beamer@trivlistdepth=\count307
) (y:/TinyTeX/texmf-dist/tex/latex/beamer/beamerbasetitle.sty) (y:/TinyTeX/texmf-dist/tex/latex/beamer/beamerbasesection.sty
\c@lecture=\count308
\c@part=\count309
\c@section=\count310
\c@subsection=\count311
\c@subsubsection=\count312
) (y:/TinyTeX/texmf-dist/tex/latex/beamer/beamerbaseframe.sty
\beamer@framebox=\box65
\beamer@frametitlebox=\box66
\beamer@zoombox=\box67
\beamer@zoomcount=\count313
\beamer@zoomframecount=\count314
\beamer@frametextheight=\dimen269
\c@subsectionslide=\count315
\beamer@frametopskip=\skip51
\beamer@framebottomskip=\skip52
\beamer@frametopskipautobreak=\skip53
\beamer@framebottomskipautobreak=\skip54
\beamer@envbody=\toks29
\framewidth=\dimen270
\c@framenumber=\count316
) (y:/TinyTeX/texmf-dist/tex/latex/beamer/beamerbaseverbatim.sty
\beamer@verbatimfileout=\write4
) (y:/TinyTeX/texmf-dist/tex/latex/beamer/beamerbaseframesize.sty
\beamer@splitbox=\box68
\beamer@autobreakcount=\count317
\beamer@autobreaklastheight=\dimen271
\beamer@frametitletoks=\toks30
\beamer@framesubtitletoks=\toks31
) (y:/TinyTeX/texmf-dist/tex/latex/beamer/beamerbaseframecomponents.sty
\beamer@footins=\box69
) (y:/TinyTeX/texmf-dist/tex/latex/beamer/beamerbasecolor.sty) (y:/TinyTeX/texmf-dist/tex/latex/beamer/beamerbasenotes.sty
\beamer@frameboxcopy=\box70
) (y:/TinyTeX/texmf-dist/tex/latex/beamer/beamerbasetoc.sty) (y:/TinyTeX/texmf-dist/tex/latex/beamer/beamerbasetemplates.sty
\beamer@sbttoks=\toks32
(y:/TinyTeX/texmf-dist/tex/latex/beamer/beamerbaseauxtemplates.sty (y:/TinyTeX/texmf-dist/tex/latex/beamer/beamerbaseboxes.sty
\bmb@box=\box71
\bmb@colorbox=\box72
\bmb@boxwidth=\dimen272
\bmb@boxheight=\dimen273
\bmb@prevheight=\dimen274
\bmb@temp=\dimen275
\bmb@dima=\dimen276
\bmb@dimb=\dimen277
\bmb@prevheight=\dimen278
)
\beamer@blockheadheight=\dimen279
)) (y:/TinyTeX/texmf-dist/tex/latex/beamer/beamerbaselocalstructure.sty (y:/TinyTeX/texmf-dist/tex/latex/tools/enumerate.sty
Package: enumerate 2015/07/23 v3.00 enumerate extensions (DPC)
\@enLab=\toks33
)
\beamer@bibiconwidth=\skip55
\c@figure=\count318
\c@table=\count319
\abovecaptionskip=\skip56
\belowcaptionskip=\skip57
) (y:/TinyTeX/texmf-dist/tex/latex/beamer/beamerbasenavigation.sty
\beamer@section@min@dim=\dimen280
) (y:/TinyTeX/texmf-dist/tex/latex/beamer/beamerbasetheorems.sty (y:/TinyTeX/texmf-dist/tex/latex/amsmath/amsmath.sty
Package: amsmath 2021/10/15 v2.17l AMS math features
\@mathmargin=\skip58
For additional information on amsmath, use the `?' option.
(y:/TinyTeX/texmf-dist/tex/latex/amsmath/amstext.sty
Package: amstext 2021/08/26 v2.01 AMS text
(y:/TinyTeX/texmf-dist/tex/latex/amsmath/amsgen.sty
File: amsgen.sty 1999/11/30 v2.0 generic functions
\@emptytoks=\toks34
\ex@=\dimen281
)) (y:/TinyTeX/texmf-dist/tex/latex/amsmath/amsbsy.sty
Package: amsbsy 1999/11/29 v1.2d Bold Symbols
\pmbraise@=\dimen282
) (y:/TinyTeX/texmf-dist/tex/latex/amsmath/amsopn.sty
Package: amsopn 2021/08/26 v2.02 operator names
)
\inf@bad=\count320
LaTeX Info: Redefining \frac on input line 234.
\uproot@=\count321
\leftroot@=\count322
LaTeX Info: Redefining \overline on input line 399.
\classnum@=\count323
\DOTSCASE@=\count324
LaTeX Info: Redefining \ldots on input line 496.
LaTeX Info: Redefining \dots on input line 499.
LaTeX Info: Redefining \cdots on input line 620.
\Mathstrutbox@=\box73
\strutbox@=\box74
\big@size=\dimen283
LaTeX Font Info:    Redeclaring font encoding OML on input line 743.
LaTeX Font Info:    Redeclaring font encoding OMS on input line 744.
\macc@depth=\count325
\c@MaxMatrixCols=\count326
\dotsspace@=\muskip17
\c@parentequation=\count327
\dspbrk@lvl=\count328
\tag@help=\toks35
\row@=\count329
\column@=\count330
\maxfields@=\count331
\andhelp@=\toks36
\eqnshift@=\dimen284
\alignsep@=\dimen285
\tagshift@=\dimen286
\tagwidth@=\dimen287
\totwidth@=\dimen288
\lineht@=\dimen289
\@envbody=\toks37
\multlinegap=\skip59
\multlinetaggap=\skip60
\mathdisplay@stack=\toks38
LaTeX Info: Redefining \[ on input line 2938.
LaTeX Info: Redefining \] on input line 2939.
) (y:/TinyTeX/texmf-dist/tex/latex/amscls/amsthm.sty
Package: amsthm 2020/05/29 v2.20.6
\thm@style=\toks39
\thm@bodyfont=\toks40
\thm@headfont=\toks41
\thm@notefont=\toks42
\thm@headpunct=\toks43
\thm@preskip=\skip61
\thm@postskip=\skip62
\thm@headsep=\skip63
\dth@everypar=\toks44
)
\c@theorem=\count332
) (y:/TinyTeX/texmf-dist/tex/latex/beamer/beamerbasethemes.sty)) (y:/TinyTeX/texmf-dist/tex/latex/beamer/beamerthemedefault.sty (y:/TinyTeX/texmf-dist/tex/latex/beamer/beamerfontthemedefault.sty) (y:/TinyTeX/texmf-dist/tex/latex/beamer/beamercolorthemedefault.sty) (y:/TinyTeX/texmf-dist/tex/latex/beamer/beamerinnerthemedefault.sty
\beamer@dima=\dimen290
\beamer@dimb=\dimen291
) (y:/TinyTeX/texmf-dist/tex/latex/beamer/beamerouterthemedefault.sty))) (y:/TinyTeX/texmf-dist/tex/latex/pgf/utilities/pgfpages.sty
Package: pgfpages 2011/01/05 ver 0.02
(y:/TinyTeX/texmf-dist/tex/latex/tools/calc.sty
Package: calc 2017/05/25 v4.3 Infix arithmetic (KKT,FJ)
\calc@Acount=\count333
\calc@Bcount=\count334
\calc@Adimen=\dimen292
\calc@Bdimen=\dimen293
\calc@Askip=\skip64
\calc@Bskip=\skip65
LaTeX Info: Redefining \setlength on input line 80.
LaTeX Info: Redefining \addtolength on input line 81.
\calc@Ccount=\count335
\calc@Cskip=\skip66
)
\pgf@logicalpages=\count336
\pgf@firstshipout=\count337
\pgf@lastshipout=\count338
\pgf@currentshipout=\count339
\pgf@cpn=\count340
\pgf@shipoutnextto=\count341
\pgfphysicalheight=\dimen294
\pgfphysicalwidth=\dimen295
\pgfpages@shipoutbox=\box75
) (y:/TinyTeX/texmf-dist/tex/latex/lm/lmodern.sty
Package: lmodern 2015/05/01 v1.6.1 Latin Modern Fonts
LaTeX Font Info:    Overwriting symbol font `operators' in version `normal'
(Font)                  OT1/cmr/m/n --> OT1/lmr/m/n on input line 22.
LaTeX Font Info:    Overwriting symbol font `letters' in version `normal'
(Font)                  OML/cmm/m/it --> OML/lmm/m/it on input line 23.
LaTeX Font Info:    Overwriting symbol font `symbols' in version `normal'
(Font)                  OMS/cmsy/m/n --> OMS/lmsy/m/n on input line 24.
LaTeX Font Info:    Overwriting symbol font `largesymbols' in version `normal'
(Font)                  OMX/cmex/m/n --> OMX/lmex/m/n on input line 25.
LaTeX Font Info:    Overwriting symbol font `operators' in version `bold'
(Font)                  OT1/cmr/bx/n --> OT1/lmr/bx/n on input line 26.
LaTeX Font Info:    Overwriting symbol font `letters' in version `bold'
(Font)                  OML/cmm/b/it --> OML/lmm/b/it on input line 27.
LaTeX Font Info:    Overwriting symbol font `symbols' in version `bold'
(Font)                  OMS/cmsy/b/n --> OMS/lmsy/b/n on input line 28.
LaTeX Font Info:    Overwriting symbol font `largesymbols' in version `bold'
(Font)                  OMX/cmex/m/n --> OMX/lmex/m/n on input line 29.
LaTeX Font Info:    Overwriting math alphabet `\mathbf' in version `normal'
(Font)                  OT1/cmr/bx/n --> OT1/lmr/bx/n on input line 31.
LaTeX Font Info:    Overwriting math alphabet `\mathsf' in version `normal'
(Font)                  OT1/cmss/m/n --> OT1/lmss/m/n on input line 32.
LaTeX Font Info:    Overwriting math alphabet `\mathit' in version `normal'
(Font)                  OT1/cmr/m/it --> OT1/lmr/m/it on input line 33.
LaTeX Font Info:    Overwriting math alphabet `\mathtt' in version `normal'
(Font)                  OT1/cmtt/m/n --> OT1/lmtt/m/n on input line 34.
LaTeX Font Info:    Overwriting math alphabet `\mathbf' in version `bold'
(Font)                  OT1/cmr/bx/n --> OT1/lmr/bx/n on input line 35.
LaTeX Font Info:    Overwriting math alphabet `\mathsf' in version `bold'
(Font)                  OT1/cmss/bx/n --> OT1/lmss/bx/n on input line 36.
LaTeX Font Info:    Overwriting math alphabet `\mathit' in version `bold'
(Font)                  OT1/cmr/bx/it --> OT1/lmr/bx/it on input line 37.
LaTeX Font Info:    Overwriting math alphabet `\mathtt' in version `bold'
(Font)                  OT1/cmtt/m/n --> OT1/lmtt/m/n on input line 38.
) (y:/TinyTeX/texmf-dist/tex/generic/iftex/ifxetex.sty
Package: ifxetex 2019/10/25 v0.7 ifxetex legacy package. Use iftex instead.
) (y:/TinyTeX/texmf-dist/tex/generic/iftex/ifluatex.sty
Package: ifluatex 2019/10/25 v1.5 ifluatex legacy package. Use iftex instead.
) (y:/TinyTeX/texmf-dist/tex/latex/base/fontenc.sty
Package: fontenc 2021/04/29 v2.0v Standard LaTeX package
LaTeX Font Info:    Trying to load font information for T1+lmss on input line 112.
(y:/TinyTeX/texmf-dist/tex/latex/lm/t1lmss.fd
File: t1lmss.fd 2015/05/01 v1.6.1 Font defs for Latin Modern
)) (y:/TinyTeX/texmf-dist/tex/latex/base/inputenc.sty
Package: inputenc 2021/02/14 v1.3d Input encoding file
\inpenc@prehook=\toks45
\inpenc@posthook=\toks46
) (y:/TinyTeX/texmf-dist/tex/latex/base/textcomp.sty
Package: textcomp 2020/02/02 v2.0n Standard LaTeX package
) (./beamerthemeBIGSSS.sty (y:/TinyTeX/texmf-dist/tex/latex/beamer/beamerthemeWarsaw.sty (y:/TinyTeX/texmf-dist/tex/latex/beamer/beamerinnerthemerounded.sty) (y:/TinyTeX/texmf-dist/tex/latex/beamer/beamerouterthemeshadow.sty (y:/TinyTeX/texmf-dist/tex/latex/beamer/beamerouterthemesplit.sty)) (y:/TinyTeX/texmf-dist/tex/latex/beamer/beamercolorthemeorchid.sty) (y:/TinyTeX/texmf-dist/tex/latex/beamer/beamercolorthemewhale.sty)) (y:/TinyTeX/texmf-dist/tex/latex/pgf/frontendlayer/tikz.sty (y:/TinyTeX/texmf-dist/tex/latex/pgf/basiclayer/pgf.sty
Package: pgf 2021/05/15 v3.1.9a (3.1.9a)
(y:/TinyTeX/texmf-dist/tex/generic/pgf/modules/pgfmoduleshapes.code.tex
File: pgfmoduleshapes.code.tex 2021/05/15 v3.1.9a (3.1.9a)
\pgfnodeparttextbox=\box76
) (y:/TinyTeX/texmf-dist/tex/generic/pgf/modules/pgfmoduleplot.code.tex
File: pgfmoduleplot.code.tex 2021/05/15 v3.1.9a (3.1.9a)
) (y:/TinyTeX/texmf-dist/tex/latex/pgf/compatibility/pgfcomp-version-0-65.sty
Package: pgfcomp-version-0-65 2021/05/15 v3.1.9a (3.1.9a)
\pgf@nodesepstart=\dimen296
\pgf@nodesepend=\dimen297
) (y:/TinyTeX/texmf-dist/tex/latex/pgf/compatibility/pgfcomp-version-1-18.sty
Package: pgfcomp-version-1-18 2021/05/15 v3.1.9a (3.1.9a)
)) (y:/TinyTeX/texmf-dist/tex/latex/pgf/utilities/pgffor.sty (y:/TinyTeX/texmf-dist/tex/generic/pgf/utilities/pgffor.code.tex
Package: pgffor 2021/05/15 v3.1.9a (3.1.9a)
(y:/TinyTeX/texmf-dist/tex/generic/pgf/math/pgfmath.code.tex)
\pgffor@iter=\dimen298
\pgffor@skip=\dimen299
\pgffor@stack=\toks47
\pgffor@toks=\toks48
)) (y:/TinyTeX/texmf-dist/tex/generic/pgf/frontendlayer/tikz/tikz.code.tex
Package: tikz 2021/05/15 v3.1.9a (3.1.9a)
(y:/TinyTeX/texmf-dist/tex/generic/pgf/libraries/pgflibraryplothandlers.code.tex
File: pgflibraryplothandlers.code.tex 2021/05/15 v3.1.9a (3.1.9a)
\pgf@plot@mark@count=\count342
\pgfplotmarksize=\dimen300
)
\tikz@lastx=\dimen301
\tikz@lasty=\dimen302
\tikz@lastxsaved=\dimen303
\tikz@lastysaved=\dimen304
\tikz@lastmovetox=\dimen305
\tikz@lastmovetoy=\dimen306
\tikzleveldistance=\dimen307
\tikzsiblingdistance=\dimen308
\tikz@figbox=\box77
\tikz@figbox@bg=\box78
\tikz@tempbox=\box79
\tikz@tempbox@bg=\box80
\tikztreelevel=\count343
\tikznumberofchildren=\count344
\tikznumberofcurrentchild=\count345
\tikz@fig@count=\count346
(y:/TinyTeX/texmf-dist/tex/generic/pgf/modules/pgfmodulematrix.code.tex
File: pgfmodulematrix.code.tex 2021/05/15 v3.1.9a (3.1.9a)
\pgfmatrixcurrentrow=\count347
\pgfmatrixcurrentcolumn=\count348
\pgf@matrix@numberofcolumns=\count349
)
\tikz@expandcount=\count350
(y:/TinyTeX/texmf-dist/tex/generic/pgf/frontendlayer/tikz/libraries/tikzlibrarytopaths.code.tex
File: tikzlibrarytopaths.code.tex 2021/05/15 v3.1.9a (3.1.9a)
))) (y:/TinyTeX/texmf-dist/tex/latex/caption/caption.sty
Package: caption 2022/03/01 v3.6b Customizing captions (AR)
(y:/TinyTeX/texmf-dist/tex/latex/caption/caption3.sty
Package: caption3 2022/03/17 v2.3b caption3 kernel (AR)
\caption@tempdima=\dimen309
\captionmargin=\dimen310
\caption@leftmargin=\dimen311
\caption@rightmargin=\dimen312
\caption@width=\dimen313
\caption@indent=\dimen314
\caption@parindent=\dimen315
\caption@hangindent=\dimen316
Package caption Info: beamer document class detected.
(y:/TinyTeX/texmf-dist/tex/latex/caption/caption-beamer.sto
File: caption-beamer.sto 2022/01/06 v2.0c Adaption of the caption package to the beamer document classes (AR)
))
\c@caption@flags=\count351
\c@continuedfloat=\count352
Package caption Info: hyperref package is loaded.
Package caption Info: Hyperref support is turned off
(caption)             because hyperref has stopped early.
) (y:/TinyTeX/texmf-dist/tex/latex/beamer/beamercolorthemestructure.sty)
\barwidth=\skip67
) (y:/TinyTeX/texmf-dist/tex/latex/beamer/beamerfontthemeprofessionalfonts.sty) (y:/TinyTeX/texmf-dist/tex/latex/upquote/upquote.sty
Package: upquote 2012/04/19 v1.3 upright-quote and grave-accent glyphs in verbatim
) (y:/TinyTeX/texmf-dist/tex/latex/microtype/microtype.sty
Package: microtype 2022/03/14 v3.0d Micro-typographical refinements (RS)
\MT@toks=\toks49
\MT@tempbox=\box81
\MT@count=\count353
LaTeX Info: Redefining \noprotrusionifhmode on input line 1027.
LaTeX Info: Redefining \leftprotrusion on input line 1028.
LaTeX Info: Redefining \rightprotrusion on input line 1036.
LaTeX Info: Redefining \textls on input line 1195.
\MT@outer@kern=\dimen317
LaTeX Info: Redefining \textmicrotypecontext on input line 1781.
\MT@listname@count=\count354
(y:/TinyTeX/texmf-dist/tex/latex/microtype/microtype-pdftex.def
File: microtype-pdftex.def 2022/03/14 v3.0d Definitions specific to pdftex (RS)
LaTeX Info: Redefining \lsstyle on input line 900.
LaTeX Info: Redefining \lslig on input line 900.
\MT@outer@space=\skip68
)
Package microtype Info: Loading configuration file microtype.cfg.
(y:/TinyTeX/texmf-dist/tex/latex/microtype/microtype.cfg
File: microtype.cfg 2022/03/14 v3.0d microtype main configuration file (RS)
)) (y:/TinyTeX/texmf-dist/tex/latex/fancyvrb/fancyvrb.sty
Package: fancyvrb 2022/04/12 4.2 verbatim text (tvz,hv)
\FV@CodeLineNo=\count355
\FV@InFile=\read3
\FV@TabBox=\box82
\c@FancyVerbLine=\count356
\FV@StepNumber=\count357
\FV@OutFile=\write5
) (y:/TinyTeX/texmf-dist/tex/latex/framed/framed.sty
Package: framed 2011/10/22 v 0.96: framed or shaded text with page breaks
\OuterFrameSep=\skip69
\fb@frw=\dimen318
\fb@frh=\dimen319
\FrameRule=\dimen320
\FrameSep=\dimen321
)
\cslhangindent=\skip70
\csllabelwidth=\skip71
(y:/TinyTeX/texmf-dist/tex/latex/l3backend/l3backend-pdftex.def
File: l3backend-pdftex.def 2022-04-14 L3 backend support: PDF output (pdfTeX)
\l__color_backend_stack_int=\count358
\l__pdf_internal_box=\box83
) (./Presentation.aux)
\openout1 = `Presentation.aux'.

LaTeX Font Info:    Checking defaults for OML/cmm/m/it on input line 174.
LaTeX Font Info:    ... okay on input line 174.
LaTeX Font Info:    Checking defaults for OMS/cmsy/m/n on input line 174.
LaTeX Font Info:    ... okay on input line 174.
LaTeX Font Info:    Checking defaults for OT1/cmr/m/n on input line 174.
LaTeX Font Info:    ... okay on input line 174.
LaTeX Font Info:    Checking defaults for T1/cmr/m/n on input line 174.
LaTeX Font Info:    ... okay on input line 174.
LaTeX Font Info:    Checking defaults for TS1/cmr/m/n on input line 174.
LaTeX Font Info:    ... okay on input line 174.
LaTeX Font Info:    Checking defaults for OMX/cmex/m/n on input line 174.
LaTeX Font Info:    ... okay on input line 174.
LaTeX Font Info:    Checking defaults for U/cmr/m/n on input line 174.
LaTeX Font Info:    ... okay on input line 174.
LaTeX Font Info:    Checking defaults for PD1/pdf/m/n on input line 174.
LaTeX Font Info:    ... okay on input line 174.
LaTeX Font Info:    Checking defaults for PU/pdf/m/n on input line 174.
LaTeX Font Info:    ... okay on input line 174.
*geometry* driver: auto-detecting
*geometry* detected driver: pdftex
*geometry* verbose mode - [ preamble ] result:
* driver: pdftex
* paper: custom
* layout: <same size as paper>
* layoutoffset:(h,v)=(0.0pt,0.0pt)
* modes: includehead includefoot 
* h-part:(L,W,R)=(28.45274pt, 307.28987pt, 28.45274pt)
* v-part:(T,H,B)=(0.0pt, 273.14662pt, 0.0pt)
* \paperwidth=364.19536pt
* \paperheight=273.14662pt
* \textwidth=307.28987pt
* \textheight=244.6939pt
* \oddsidemargin=-43.81725pt
* \evensidemargin=-43.81725pt
* \topmargin=-72.26999pt
* \headheight=14.22636pt
* \headsep=0.0pt
* \topskip=11.0pt
* \footskip=14.22636pt
* \marginparwidth=4.0pt
* \marginparsep=10.0pt
* \columnsep=10.0pt
* \skip\footins=10.0pt plus 4.0pt minus 2.0pt
* \hoffset=0.0pt
* \voffset=0.0pt
* \mag=1000
* \@twocolumnfalse
* \@twosidefalse
* \@mparswitchfalse
* \@reversemarginfalse
* (1in=72.27pt=25.4mm, 1cm=28.453pt)

(y:/TinyTeX/texmf-dist/tex/latex/epstopdf-pkg/epstopdf-base.sty
Package: epstopdf-base 2020-01-24 v2.11 Base part for package epstopdf
Package epstopdf-base Info: Redefining graphics rule for `.eps' on input line 485.
(y:/TinyTeX/texmf-dist/tex/latex/latexconfig/epstopdf-sys.cfg
File: epstopdf-sys.cfg 2010/07/13 v1.3 Configuration of (r)epstopdf for TeX Live
))
Package hyperref Info: Link coloring OFF on input line 174.
(y:/TinyTeX/texmf-dist/tex/latex/hyperref/nameref.sty
Package: nameref 2021-04-02 v2.47 Cross-referencing by name of section
(y:/TinyTeX/texmf-dist/tex/latex/refcount/refcount.sty
Package: refcount 2019/12/15 v3.6 Data extraction from label references (HO)
) (y:/TinyTeX/texmf-dist/tex/generic/gettitlestring/gettitlestring.sty
Package: gettitlestring 2019/12/15 v1.6 Cleanup title references (HO)
)
\c@section@level=\count359
)
LaTeX Info: Redefining \ref on input line 174.
LaTeX Info: Redefining \pageref on input line 174.
LaTeX Info: Redefining \nameref on input line 174.
(./Presentation.out) (./Presentation.out)
\@outlinefile=\write6
\openout6 = `Presentation.out'.

(y:/TinyTeX/texmf-dist/tex/latex/translator/translator-basic-dictionary-English.dict
Dictionary: translator-basic-dictionary, Language: English 
) (y:/TinyTeX/texmf-dist/tex/latex/translator/translator-bibliography-dictionary-English.dict
Dictionary: translator-bibliography-dictionary, Language: English 
) (y:/TinyTeX/texmf-dist/tex/latex/translator/translator-environment-dictionary-English.dict
Dictionary: translator-environment-dictionary, Language: English 
) (y:/TinyTeX/texmf-dist/tex/latex/translator/translator-months-dictionary-English.dict
Dictionary: translator-months-dictionary, Language: English 
) (y:/TinyTeX/texmf-dist/tex/latex/translator/translator-numbers-dictionary-English.dict
Dictionary: translator-numbers-dictionary, Language: English 
) (y:/TinyTeX/texmf-dist/tex/latex/translator/translator-theorem-dictionary-English.dict
Dictionary: translator-theorem-dictionary, Language: English 
)
Package caption Info: Begin \AtBeginDocument code.
Package caption Info: End \AtBeginDocument code.
LaTeX Info: Redefining \microtypecontext on input line 174.
Package microtype Info: Applying patch `item' on input line 174.
Package microtype Info: Applying patch `toc' on input line 174.
Package microtype Info: Applying patch `eqnum' on input line 174.

Package microtype Warning: Unable to apply patch `footnote' on input line 174.

Package microtype Info: Generating PDF output.
Package microtype Info: Character protrusion enabled (level 2).
Package microtype Info: Using protrusion set `basicmath'.
Package microtype Info: Automatic font expansion enabled (level 2),
(microtype)             stretch: 20, shrink: 20, step: 1, non-selected.
Package microtype Info: Using default expansion set `alltext-nott'.
LaTeX Info: Redefining \showhyphens on input line 174.
Package microtype Info: No adjustment of tracking.
Package microtype Info: No adjustment of interword spacing.
Package microtype Info: No adjustment of character kerning.
Package microtype Info: Loading generic protrusion settings for font family
(microtype)             `lmss' (encoding: T1).
(microtype)             For optimal results, create family-specific settings.
(microtype)             See the microtype manual for details.
(./Presentation.nav)
<UB_logo.jpg, id=16, 1849.91125pt x 325.215pt>
File: UB_logo.jpg Graphic file (type jpg)
<use UB_logo.jpg>
Package pdftex.def Info: UB_logo.jpg  used on input line 174.
(pdftex.def)             Requested size: 59.98308pt x 10.54504pt.
LaTeX Font Info:    Trying to load font information for OT1+lmr on input line 174.
(y:/TinyTeX/texmf-dist/tex/latex/lm/ot1lmr.fd
File: ot1lmr.fd 2015/05/01 v1.6.1 Font defs for Latin Modern
) (y:/TinyTeX/texmf-dist/tex/latex/microtype/mt-cmr.cfg
File: mt-cmr.cfg 2013/05/19 v2.2 microtype config. file: Computer Modern Roman (RS)
)
LaTeX Font Info:    Trying to load font information for OML+lmm on input line 174.
(y:/TinyTeX/texmf-dist/tex/latex/lm/omllmm.fd
File: omllmm.fd 2015/05/01 v1.6.1 Font defs for Latin Modern
)
LaTeX Font Info:    Trying to load font information for OMS+lmsy on input line 174.
(y:/TinyTeX/texmf-dist/tex/latex/lm/omslmsy.fd
File: omslmsy.fd 2015/05/01 v1.6.1 Font defs for Latin Modern
)
LaTeX Font Info:    Trying to load font information for OMX+lmex on input line 174.
(y:/TinyTeX/texmf-dist/tex/latex/lm/omxlmex.fd
File: omxlmex.fd 2015/05/01 v1.6.1 Font defs for Latin Modern
)
LaTeX Font Info:    External font `lmex10' loaded for size
(Font)              <6> on input line 174.
LaTeX Font Info:    External font `lmex10' loaded for size
(Font)              <5> on input line 174.
LaTeX Font Info:    Trying to load font information for U+msa on input line 174.
(y:/TinyTeX/texmf-dist/tex/latex/amsfonts/umsa.fd
File: umsa.fd 2013/01/14 v3.01 AMS symbols A
) (y:/TinyTeX/texmf-dist/tex/latex/microtype/mt-msa.cfg
File: mt-msa.cfg 2006/02/04 v1.1 microtype config. file: AMS symbols (a) (RS)
)
LaTeX Font Info:    Trying to load font information for U+msb on input line 174.
(y:/TinyTeX/texmf-dist/tex/latex/amsfonts/umsb.fd
File: umsb.fd 2013/01/14 v3.01 AMS symbols B
) (y:/TinyTeX/texmf-dist/tex/latex/microtype/mt-msb.cfg
File: mt-msb.cfg 2005/06/01 v1.0 microtype config. file: AMS symbols (b) (RS)
)
<Logos_Together.jpg, id=32, 690.32906pt x 85.06781pt>
File: Logos_Together.jpg Graphic file (type jpg)
<use Logos_Together.jpg>
Package pdftex.def Info: Logos_Together.jpg  used on input line 175.
(pdftex.def)             Requested size: 142.26625pt x 17.53116pt.
[1

{y:/TinyTeX/texmf-var/fonts/map/pdftex/updmap/pdftex.map} <./Logos_Together.jpg>]
<Figures/FiguresEnrolment_over_time_new-1.pdf, id=41, 953.5625pt x 556.0775pt>
File: Figures/FiguresEnrolment_over_time_new-1.pdf Graphic file (type pdf)
<use Figures/FiguresEnrolment_over_time_new-1.pdf>
Package pdftex.def Info: Figures/FiguresEnrolment_over_time_new-1.pdf  used on input line 185.
(pdftex.def)             Requested size: 307.28511pt x 179.19574pt.
File: UB_logo.jpg Graphic file (type jpg)
<use UB_logo.jpg>
Package pdftex.def Info: UB_logo.jpg  used on input line 185.
(pdftex.def)             Requested size: 59.98308pt x 10.54504pt.
[2

 <./Figures/FiguresEnrolment_over_time_new-1.pdf> <./UB_Logo.jpg>]
pdfTeX warning (ext4): destination with the same identifier (name{einstieg}) has been already used, duplicate ignored
<to be read again> 
                   \relax 
l.185 \end{frame}
                 
File: Figures/FiguresEnrolment_over_time_new-1.pdf Graphic file (type pdf)
<use Figures/FiguresEnrolment_over_time_new-1.pdf>
Package pdftex.def Info: Figures/FiguresEnrolment_over_time_new-1.pdf  used on input line 185.
(pdftex.def)             Requested size: 307.28511pt x 179.19574pt.
File: UB_logo.jpg Graphic file (type jpg)
<use UB_logo.jpg>
Package pdftex.def Info: UB_logo.jpg  used on input line 185.
(pdftex.def)             Requested size: 59.98308pt x 10.54504pt.
[3

]
File: UB_logo.jpg Graphic file (type jpg)
<use UB_logo.jpg>
Package pdftex.def Info: UB_logo.jpg  used on input line 206.
(pdftex.def)             Requested size: 59.98308pt x 10.54504pt.
[4

]
pdfTeX warning (ext4): destination with the same identifier (name{einstieg-1}) has been already used, duplicate ignored
<to be read again> 
                   \relax 
l.206 \end{frame}
                 
File: UB_logo.jpg Graphic file (type jpg)
<use UB_logo.jpg>
Package pdftex.def Info: UB_logo.jpg  used on input line 206.
(pdftex.def)             Requested size: 59.98308pt x 10.54504pt.
[5

]
pdfTeX warning (ext4): destination with the same identifier (name{einstieg-1}) has been already used, duplicate ignored
<to be read again> 
                   \relax 
l.206 \end{frame}
                 
File: UB_logo.jpg Graphic file (type jpg)
<use UB_logo.jpg>
Package pdftex.def Info: UB_logo.jpg  used on input line 206.
(pdftex.def)             Requested size: 59.98308pt x 10.54504pt.
[6

]
pdfTeX warning (ext4): destination with the same identifier (name{einstieg-1}) has been already used, duplicate ignored
<to be read again> 
                   \relax 
l.206 \end{frame}
                 
File: UB_logo.jpg Graphic file (type jpg)
<use UB_logo.jpg>
Package pdftex.def Info: UB_logo.jpg  used on input line 206.
(pdftex.def)             Requested size: 59.98308pt x 10.54504pt.
[7

]
pdfTeX warning (ext4): destination with the same identifier (name{einstieg-1}) has been already used, duplicate ignored
<to be read again> 
                   \relax 
l.206 \end{frame}
                 
File: UB_logo.jpg Graphic file (type jpg)
<use UB_logo.jpg>
Package pdftex.def Info: UB_logo.jpg  used on input line 206.
(pdftex.def)             Requested size: 59.98308pt x 10.54504pt.
[8

]
pdfTeX warning (ext4): destination with the same identifier (name{einstieg-1}) has been already used, duplicate ignored
<to be read again> 
                   \relax 
l.206 \end{frame}
                 
File: UB_logo.jpg Graphic file (type jpg)
<use UB_logo.jpg>
Package pdftex.def Info: UB_logo.jpg  used on input line 206.
(pdftex.def)             Requested size: 59.98308pt x 10.54504pt.
[9

]
pdfTeX warning (ext4): destination with the same identifier (name{einstieg-1}) has been already used, duplicate ignored
<to be read again> 
                   \relax 
l.206 \end{frame}
                 
File: UB_logo.jpg Graphic file (type jpg)
<use UB_logo.jpg>
Package pdftex.def Info: UB_logo.jpg  used on input line 206.
(pdftex.def)             Requested size: 59.98308pt x 10.54504pt.
[10

]
pdfTeX warning (ext4): destination with the same identifier (name{einstieg-1}) has been already used, duplicate ignored
<to be read again> 
                   \relax 
l.206 \end{frame}
                 
File: UB_logo.jpg Graphic file (type jpg)
<use UB_logo.jpg>
Package pdftex.def Info: UB_logo.jpg  used on input line 206.
(pdftex.def)             Requested size: 59.98308pt x 10.54504pt.
[11

]
LaTeX Font Info:    Font shape `T1/lmss/m/it' in size <10.95> not available
(Font)              Font shape `T1/lmss/m/sl' tried instead on input line 218.
File: UB_logo.jpg Graphic file (type jpg)
<use UB_logo.jpg>
Package pdftex.def Info: UB_logo.jpg  used on input line 218.
(pdftex.def)             Requested size: 59.98308pt x 10.54504pt.
[12

]

pdfTeX warning: pdflatex.exe (file ./Figures/Intro/EvolutionOfTheField.drawio.pdf): PDF inclusion: found PDF version <1.7>, but at most version <1.5> allowed
<Figures/Intro/EvolutionOfTheField.drawio.pdf, id=201, 551.1792pt x 197.7789pt>
File: Figures/Intro/EvolutionOfTheField.drawio.pdf Graphic file (type pdf)
<use Figures/Intro/EvolutionOfTheField.drawio.pdf>
Package pdftex.def Info: Figures/Intro/EvolutionOfTheField.drawio.pdf  used on input line 227.
(pdftex.def)             Requested size: 307.29578pt x 110.26653pt.
File: UB_logo.jpg Graphic file (type jpg)
<use UB_logo.jpg>
Package pdftex.def Info: UB_logo.jpg  used on input line 227.
(pdftex.def)             Requested size: 59.98308pt x 10.54504pt.
[13

 <./Figures/Intro/EvolutionOfTheField.drawio.pdf>]

pdfTeX warning: pdflatex.exe (file ./Figures/Intro/polecon_final.drawio.pdf): PDF inclusion: found PDF version <1.7>, but at most version <1.5> allowed
<Figures/Intro/polecon_final.drawio.pdf, id=223, 558.16531pt x 224.7597pt>
File: Figures/Intro/polecon_final.drawio.pdf Graphic file (type pdf)
<use Figures/Intro/polecon_final.drawio.pdf>
Package pdftex.def Info: Figures/Intro/polecon_final.drawio.pdf  used on input line 236.
(pdftex.def)             Requested size: 307.28995pt x 123.73824pt.
File: UB_logo.jpg Graphic file (type jpg)
<use UB_logo.jpg>
Package pdftex.def Info: UB_logo.jpg  used on input line 236.
(pdftex.def)             Requested size: 59.98308pt x 10.54504pt.
[14

 <./Figures/Intro/polecon_final.drawio.pdf>]
LaTeX Font Info:    External font `lmex10' loaded for size
(Font)              <8> on input line 270.
LaTeX Font Info:    Font shape `T1/lmss/m/it' in size <8> not available
(Font)              Font shape `T1/lmss/m/sl' tried instead on input line 270.
LaTeX Font Info:    Font shape `T1/lmss/m/it' in size <14.4> not available
(Font)              Font shape `T1/lmss/m/sl' tried instead on input line 270.

Overfull \vbox (2.93439pt too high) detected at line 270
 []

File: UB_logo.jpg Graphic file (type jpg)
<use UB_logo.jpg>
Package pdftex.def Info: UB_logo.jpg  used on input line 270.
(pdftex.def)             Requested size: 59.98308pt x 10.54504pt.
[15

]
pdfTeX warning (ext4): destination with the same identifier (name{paper-1-the-trilemma-of-higher-education-and-equality-of-opportunity-forschungsdesign}) has been already used, duplicate ignored
<to be read again> 
                   \relax 
l.270 \end{frame}
                 
Overfull \vbox (2.93439pt too high) detected at line 270
 []

File: UB_logo.jpg Graphic file (type jpg)
<use UB_logo.jpg>
Package pdftex.def Info: UB_logo.jpg  used on input line 270.
(pdftex.def)             Requested size: 59.98308pt x 10.54504pt.
[16

]
pdfTeX warning (ext4): destination with the same identifier (name{paper-1-the-trilemma-of-higher-education-and-equality-of-opportunity-forschungsdesign}) has been already used, duplicate ignored
<to be read again> 
                   \relax 
l.270 \end{frame}
                 
Overfull \vbox (2.93439pt too high) detected at line 270
 []

File: UB_logo.jpg Graphic file (type jpg)
<use UB_logo.jpg>
Package pdftex.def Info: UB_logo.jpg  used on input line 270.
(pdftex.def)             Requested size: 59.98308pt x 10.54504pt.
[17

]
<Figures/01_Inequality/Figure 4.jpg, id=364, 4015.0pt x 2919.90875pt>
File: Figures/01_Inequality/Figure 4.jpg Graphic file (type jpg)
<use Figures/01_Inequality/Figure 4.jpg>
Package pdftex.def Info: Figures/01_Inequality/Figure 4.jpg  used on input line 282.
(pdftex.def)             Requested size: 195.61559pt x 142.26144pt.

Overfull \vbox (7.11708pt too high) detected at line 282
 []

File: UB_logo.jpg Graphic file (type jpg)
<use UB_logo.jpg>
Package pdftex.def Info: UB_logo.jpg  used on input line 282.
(pdftex.def)             Requested size: 59.98308pt x 10.54504pt.
[18

 <./Figures/01_Inequality/Figure 4.jpg>]
<Figures/01_Inequality/Figure 3.jpg, id=374, 4015.0pt x 2919.90875pt>
File: Figures/01_Inequality/Figure 3.jpg Graphic file (type jpg)
<use Figures/01_Inequality/Figure 3.jpg>
Package pdftex.def Info: Figures/01_Inequality/Figure 3.jpg  used on input line 294.
(pdftex.def)             Requested size: 195.61559pt x 142.26144pt.

Overfull \vbox (3.56712pt too high) detected at line 294
 []

File: UB_logo.jpg Graphic file (type jpg)
<use UB_logo.jpg>
Package pdftex.def Info: UB_logo.jpg  used on input line 294.
(pdftex.def)             Requested size: 59.98308pt x 10.54504pt.
[19

 <./Figures/01_Inequality/Figure 3.jpg>]
<Figures/01_Inequality/RegTablet.jpg, id=383, 772.38562pt x 618.05907pt>
File: Figures/01_Inequality/RegTablet.jpg Graphic file (type jpg)
<use Figures/01_Inequality/RegTablet.jpg>
Package pdftex.def Info: Figures/01_Inequality/RegTablet.jpg  used on input line 307.
(pdftex.def)             Requested size: 177.78638pt x 142.26376pt.
File: UB_logo.jpg Graphic file (type jpg)
<use UB_logo.jpg>
Package pdftex.def Info: UB_logo.jpg  used on input line 307.
(pdftex.def)             Requested size: 59.98308pt x 10.54504pt.
[20

 <./Figures/01_Inequality/RegTablet.JPG>]
<Figures/01_Inequality/Figure5.jpg, id=390, 4015.0pt x 2919.90875pt>
File: Figures/01_Inequality/Figure5.jpg Graphic file (type jpg)
<use Figures/01_Inequality/Figure5.jpg>
Package pdftex.def Info: Figures/01_Inequality/Figure5.jpg  used on input line 321.
(pdftex.def)             Requested size: 195.61559pt x 142.26144pt.

Overfull \vbox (28.87965pt too high) detected at line 321
 []

File: UB_logo.jpg Graphic file (type jpg)
<use UB_logo.jpg>
Package pdftex.def Info: UB_logo.jpg  used on input line 321.
(pdftex.def)             Requested size: 59.98308pt x 10.54504pt.
[21

 <./Figures/01_Inequality/Figure5.jpg>]
<Figures/01_Inequality/Figure2.jpg, id=398, 4015.0pt x 2919.90875pt>
File: Figures/01_Inequality/Figure2.jpg Graphic file (type jpg)
<use Figures/01_Inequality/Figure2.jpg>
Package pdftex.def Info: Figures/01_Inequality/Figure2.jpg  used on input line 348.
(pdftex.def)             Requested size: 195.61559pt x 142.26144pt.

Overfull \hbox (21.90005pt too wide) in paragraph at lines 348--348
[][]
 []


Underfull \hbox (badness 10000) in paragraph at lines 348--348

 []


Overfull \vbox (136.02666pt too high) detected at line 348
 []

File: UB_logo.jpg Graphic file (type jpg)
<use UB_logo.jpg>
Package pdftex.def Info: UB_logo.jpg  used on input line 348.
(pdftex.def)             Requested size: 59.98308pt x 10.54504pt.
[22

 <./Figures/01_Inequality/Figure2.jpg>]
pdfTeX warning (ext4): destination with the same identifier (name{paper-1-the-trilemma-of-higher-education-and-equality-of-opportunity-zusammenfassung}) has been already used, duplicate ignored
<to be read again> 
                   \relax 
l.348 \end{frame}
                 
File: Figures/01_Inequality/Figure2.jpg Graphic file (type jpg)
<use Figures/01_Inequality/Figure2.jpg>
Package pdftex.def Info: Figures/01_Inequality/Figure2.jpg  used on input line 348.
(pdftex.def)             Requested size: 195.61559pt x 142.26144pt.

Overfull \hbox (21.90005pt too wide) in paragraph at lines 348--348
[][]
 []


Underfull \hbox (badness 10000) in paragraph at lines 348--348

 []


Overfull \vbox (136.02666pt too high) detected at line 348
 []

File: UB_logo.jpg Graphic file (type jpg)
<use UB_logo.jpg>
Package pdftex.def Info: UB_logo.jpg  used on input line 348.
(pdftex.def)             Requested size: 59.98308pt x 10.54504pt.
[23

]
pdfTeX warning (ext4): destination with the same identifier (name{paper-1-the-trilemma-of-higher-education-and-equality-of-opportunity-zusammenfassung}) has been already used, duplicate ignored
<to be read again> 
                   \relax 
l.348 \end{frame}
                 
File: Figures/01_Inequality/Figure2.jpg Graphic file (type jpg)
<use Figures/01_Inequality/Figure2.jpg>
Package pdftex.def Info: Figures/01_Inequality/Figure2.jpg  used on input line 348.
(pdftex.def)             Requested size: 195.61559pt x 142.26144pt.

Overfull \hbox (21.90005pt too wide) in paragraph at lines 348--348
[][]
 []


Underfull \hbox (badness 10000) in paragraph at lines 348--348

 []


Overfull \vbox (136.02666pt too high) detected at line 348
 []

File: UB_logo.jpg Graphic file (type jpg)
<use UB_logo.jpg>
Package pdftex.def Info: UB_logo.jpg  used on input line 348.
(pdftex.def)             Requested size: 59.98308pt x 10.54504pt.
[24

]
pdfTeX warning (ext4): destination with the same identifier (name{paper-1-the-trilemma-of-higher-education-and-equality-of-opportunity-zusammenfassung}) has been already used, duplicate ignored
<to be read again> 
                   \relax 
l.348 \end{frame}
                 
File: Figures/01_Inequality/Figure2.jpg Graphic file (type jpg)
<use Figures/01_Inequality/Figure2.jpg>
Package pdftex.def Info: Figures/01_Inequality/Figure2.jpg  used on input line 348.
(pdftex.def)             Requested size: 195.61559pt x 142.26144pt.

Overfull \hbox (21.90005pt too wide) in paragraph at lines 348--348
[][]
 []


Underfull \hbox (badness 10000) in paragraph at lines 348--348

 []


Overfull \vbox (136.02666pt too high) detected at line 348
 []

File: UB_logo.jpg Graphic file (type jpg)
<use UB_logo.jpg>
Package pdftex.def Info: UB_logo.jpg  used on input line 348.
(pdftex.def)             Requested size: 59.98308pt x 10.54504pt.
[25

]
Overfull \vbox (5.54532pt too high) detected at line 382
 []

File: UB_logo.jpg Graphic file (type jpg)
<use UB_logo.jpg>
Package pdftex.def Info: UB_logo.jpg  used on input line 382.
(pdftex.def)             Requested size: 59.98308pt x 10.54504pt.
[26

]
pdfTeX warning (ext4): destination with the same identifier (name{paper-2-explaining-institutional-change-in-uk-higher-education-towards-a-partisan-theory-forschungsdesign}) has been already used, duplicate ignored
<to be read again> 
                   \relax 
l.382 \end{frame}
                 
Overfull \vbox (5.54532pt too high) detected at line 382
 []

File: UB_logo.jpg Graphic file (type jpg)
<use UB_logo.jpg>
Package pdftex.def Info: UB_logo.jpg  used on input line 382.
(pdftex.def)             Requested size: 59.98308pt x 10.54504pt.
[27

]
pdfTeX warning (ext4): destination with the same identifier (name{paper-2-explaining-institutional-change-in-uk-higher-education-towards-a-partisan-theory-forschungsdesign}) has been already used, duplicate ignored
<to be read again> 
                   \relax 
l.382 \end{frame}
                 
Overfull \vbox (5.54532pt too high) detected at line 382
 []

File: UB_logo.jpg Graphic file (type jpg)
<use UB_logo.jpg>
Package pdftex.def Info: UB_logo.jpg  used on input line 382.
(pdftex.def)             Requested size: 59.98308pt x 10.54504pt.
[28

]
File: UB_logo.jpg Graphic file (type jpg)
<use UB_logo.jpg>
Package pdftex.def Info: UB_logo.jpg  used on input line 400.
(pdftex.def)             Requested size: 59.98308pt x 10.54504pt.
[29

]
LaTeX Font Info:    External font `lmex10' loaded for size
(Font)              <10> on input line 420.
LaTeX Font Info:    External font `lmex10' loaded for size
(Font)              <7> on input line 420.
File: UB_logo.jpg Graphic file (type jpg)
<use UB_logo.jpg>
Package pdftex.def Info: UB_logo.jpg  used on input line 420.
(pdftex.def)             Requested size: 59.98308pt x 10.54504pt.
[30

]
File: UB_logo.jpg Graphic file (type jpg)
<use UB_logo.jpg>
Package pdftex.def Info: UB_logo.jpg  used on input line 439.
(pdftex.def)             Requested size: 59.98308pt x 10.54504pt.
[31

]
File: UB_logo.jpg Graphic file (type jpg)
<use UB_logo.jpg>
Package pdftex.def Info: UB_logo.jpg  used on input line 455.
(pdftex.def)             Requested size: 59.98308pt x 10.54504pt.
[32

]
File: UB_logo.jpg Graphic file (type jpg)
<use UB_logo.jpg>
Package pdftex.def Info: UB_logo.jpg  used on input line 472.
(pdftex.def)             Requested size: 59.98308pt x 10.54504pt.
[33

]
<Figures/Intro/Enrolment_over_time-1.pdf, id=565, 953.5625pt x 556.0775pt>
File: Figures/Intro/Enrolment_over_time-1.pdf Graphic file (type pdf)
<use Figures/Intro/Enrolment_over_time-1.pdf>
Package pdftex.def Info: Figures/Intro/Enrolment_over_time-1.pdf  used on input line 497.
(pdftex.def)             Requested size: 202.81487pt x 118.27309pt.
LaTeX Font Info:    External font `lmex10' loaded for size
(Font)              <10.95> on input line 497.
File: UB_logo.jpg Graphic file (type jpg)
<use UB_logo.jpg>
Package pdftex.def Info: UB_logo.jpg  used on input line 497.
(pdftex.def)             Requested size: 59.98308pt x 10.54504pt.
[34

 <./Figures/Intro/Enrolment_over_time-1.pdf>]
pdfTeX warning (ext4): destination with the same identifier (name{dfjkdjflkdj}) has been already used, duplicate ignored
<to be read again> 
                   \relax 
l.497 \end{frame}
                 
File: Figures/Intro/Enrolment_over_time-1.pdf Graphic file (type pdf)
<use Figures/Intro/Enrolment_over_time-1.pdf>
Package pdftex.def Info: Figures/Intro/Enrolment_over_time-1.pdf  used on input line 497.
(pdftex.def)             Requested size: 202.81487pt x 118.27309pt.
File: UB_logo.jpg Graphic file (type jpg)
<use UB_logo.jpg>
Package pdftex.def Info: UB_logo.jpg  used on input line 497.
(pdftex.def)             Requested size: 59.98308pt x 10.54504pt.
[35

]
pdfTeX warning (ext4): destination with the same identifier (name{dfjkdjflkdj}) has been already used, duplicate ignored
<to be read again> 
                   \relax 
l.497 \end{frame}
                 
File: Figures/Intro/Enrolment_over_time-1.pdf Graphic file (type pdf)
<use Figures/Intro/Enrolment_over_time-1.pdf>
Package pdftex.def Info: Figures/Intro/Enrolment_over_time-1.pdf  used on input line 497.
(pdftex.def)             Requested size: 202.81487pt x 118.27309pt.
File: UB_logo.jpg Graphic file (type jpg)
<use UB_logo.jpg>
Package pdftex.def Info: UB_logo.jpg  used on input line 497.
(pdftex.def)             Requested size: 59.98308pt x 10.54504pt.
[36

]
File: UB_logo.jpg Graphic file (type jpg)
<use UB_logo.jpg>
Package pdftex.def Info: UB_logo.jpg  used on input line 511.
(pdftex.def)             Requested size: 59.98308pt x 10.54504pt.
[37

]
File: UB_logo.jpg Graphic file (type jpg)
<use UB_logo.jpg>
Package pdftex.def Info: UB_logo.jpg  used on input line 528.
(pdftex.def)             Requested size: 59.98308pt x 10.54504pt.
[38

]
pdfTeX warning (ext4): destination with the same identifier (name{slide-with-incremental-bullets}) has been already used, duplicate ignored
<to be read again> 
                   \relax 
l.528 \end{frame}
                 
File: UB_logo.jpg Graphic file (type jpg)
<use UB_logo.jpg>
Package pdftex.def Info: UB_logo.jpg  used on input line 528.
(pdftex.def)             Requested size: 59.98308pt x 10.54504pt.
[39

]
pdfTeX warning (ext4): destination with the same identifier (name{slide-with-incremental-bullets}) has been already used, duplicate ignored
<to be read again> 
                   \relax 
l.528 \end{frame}
                 
File: UB_logo.jpg Graphic file (type jpg)
<use UB_logo.jpg>
Package pdftex.def Info: UB_logo.jpg  used on input line 528.
(pdftex.def)             Requested size: 59.98308pt x 10.54504pt.
[40

]
\openout4 = `Presentation.vrb'.

(./Presentation.vrb
LaTeX Font Info:    Trying to load font information for T1+lmtt on input line 4.
(y:/TinyTeX/texmf-dist/tex/latex/lm/t1lmtt.fd
File: t1lmtt.fd 2015/05/01 v1.6.1 Font defs for Latin Modern
))
File: UB_logo.jpg Graphic file (type jpg)
<use UB_logo.jpg>
Package pdftex.def Info: UB_logo.jpg  used on input line 547.
(pdftex.def)             Requested size: 59.98308pt x 10.54504pt.
[41

]
File: Figures/Intro/Enrolment_over_time-1.pdf Graphic file (type pdf)
<use Figures/Intro/Enrolment_over_time-1.pdf>
Package pdftex.def Info: Figures/Intro/Enrolment_over_time-1.pdf  used on input line 561.
(pdftex.def)             Requested size: 195.16147pt x 113.80995pt.
File: UB_logo.jpg Graphic file (type jpg)
<use UB_logo.jpg>
Package pdftex.def Info: UB_logo.jpg  used on input line 561.
(pdftex.def)             Requested size: 59.98308pt x 10.54504pt.
[42

]
<Presentation_files/figure-beamer/unnamed-chunk-11-1.pdf, id=628, 722.7pt x 505.89pt>
File: Presentation_files/figure-beamer/unnamed-chunk-11-1.pdf Graphic file (type pdf)
<use Presentation_files/figure-beamer/unnamed-chunk-11-1.pdf>
Package pdftex.def Info: Presentation_files/figure-beamer/unnamed-chunk-11-1.pdf  used on input line 574.
(pdftex.def)             Requested size: 307.2923pt x 215.1046pt.

Overfull \vbox (31.00935pt too high) detected at line 574
 []

File: UB_logo.jpg Graphic file (type jpg)
<use UB_logo.jpg>
Package pdftex.def Info: UB_logo.jpg  used on input line 574.
(pdftex.def)             Requested size: 59.98308pt x 10.54504pt.
[43

 <./Presentation_files/figure-beamer/unnamed-chunk-11-1.pdf>]
File: Figures/Intro/Enrolment_over_time-1.pdf Graphic file (type pdf)
<use Figures/Intro/Enrolment_over_time-1.pdf>
Package pdftex.def Info: Figures/Intro/Enrolment_over_time-1.pdf  used on input line 603.
(pdftex.def)             Requested size: 147.4951pt x 86.01292pt.
File: UB_logo.jpg Graphic file (type jpg)
<use UB_logo.jpg>
Package pdftex.def Info: UB_logo.jpg  used on input line 603.
(pdftex.def)             Requested size: 59.98308pt x 10.54504pt.
[44

]
pdfTeX warning (ext4): destination with the same identifier (name{two-column-layout}) has been already used, duplicate ignored
<to be read again> 
                   \relax 
l.603 \end{frame}
                 
File: Figures/Intro/Enrolment_over_time-1.pdf Graphic file (type pdf)
<use Figures/Intro/Enrolment_over_time-1.pdf>
Package pdftex.def Info: Figures/Intro/Enrolment_over_time-1.pdf  used on input line 603.
(pdftex.def)             Requested size: 147.4951pt x 86.01292pt.
File: UB_logo.jpg Graphic file (type jpg)
<use UB_logo.jpg>
Package pdftex.def Info: UB_logo.jpg  used on input line 603.
(pdftex.def)             Requested size: 59.98308pt x 10.54504pt.
[45

]
pdfTeX warning (ext4): destination with the same identifier (name{two-column-layout}) has been already used, duplicate ignored
<to be read again> 
                   \relax 
l.603 \end{frame}
                 
File: Figures/Intro/Enrolment_over_time-1.pdf Graphic file (type pdf)
<use Figures/Intro/Enrolment_over_time-1.pdf>
Package pdftex.def Info: Figures/Intro/Enrolment_over_time-1.pdf  used on input line 603.
(pdftex.def)             Requested size: 147.4951pt x 86.01292pt.
File: UB_logo.jpg Graphic file (type jpg)
<use UB_logo.jpg>
Package pdftex.def Info: UB_logo.jpg  used on input line 603.
(pdftex.def)             Requested size: 59.98308pt x 10.54504pt.
[46

]
File: UB_logo.jpg Graphic file (type jpg)
<use UB_logo.jpg>
Package pdftex.def Info: UB_logo.jpg  used on input line 613.
(pdftex.def)             Requested size: 59.98308pt x 10.54504pt.
[47

]
LaTeX Font Info:    Font shape `T1/lmss/m/it' in size <6> not available
(Font)              Font shape `T1/lmss/m/sl' tried instead on input line 673.
File: UB_logo.jpg Graphic file (type jpg)
<use UB_logo.jpg>
Package pdftex.def Info: UB_logo.jpg  used on input line 673.
(pdftex.def)             Requested size: 59.98308pt x 10.54504pt.
[48

]
\tf@nav=\write7
\openout7 = `Presentation.nav'.

\tf@toc=\write8
\openout8 = `Presentation.toc'.

\tf@snm=\write9
\openout9 = `Presentation.snm'.

(./Presentation.aux)
Package rerunfilecheck Info: File `Presentation.out' has not changed.
(rerunfilecheck)             Checksum: D41D8CD98F00B204E9800998ECF8427E;0.
 ) 
Here is how much of TeX's memory you used:
 29354 strings out of 480173
 588243 string characters out of 5890496
 864513 words of memory out of 5000000
 46495 multiletter control sequences out of 15000+600000
 532852 words of font info for 121 fonts, out of 8000000 for 9000
 14 hyphenation exceptions out of 8191
 99i,23n,112p,1009b,1008s stack positions out of 10000i,1000n,20000p,200000b,200000s
{y:/TinyTeX/texmf-dist/fonts/enc/dvips/lm/lm-ec.enc}{y:/TinyTeX/texmf-dist/fonts/enc/dvips/lm/lm-mathsy.enc}{y:/TinyTeX/texmf-dist/fonts/enc/dvips/lm/lm-rm.enc}{y:/TinyTeX/texmf-dist/fonts/enc/dvips/lm/lm-mathit.enc}<y:/TinyTeX/texmf-dist/fonts/type1/public/lm/lmmi6.pfb><y:/TinyTeX/texmf-dist/fonts/type1/public/lm/lmmi8.pfb><y:/TinyTeX/texmf-dist/fonts/type1/public/lm/lmr6.pfb><y:/TinyTeX/texmf-dist/fonts/type1/public/lm/lmr8.pfb><y:/TinyTeX/texmf-dist/fonts/type1/public/lm/lmss10.pfb><y:/TinyTeX/texmf-dist/fonts/type1/public/lm/lmss12.pfb><y:/TinyTeX/texmf-dist/fonts/type1/public/lm/lmss8.pfb><y:/TinyTeX/texmf-dist/fonts/type1/public/lm/lmss9.pfb><y:/TinyTeX/texmf-dist/fonts/type1/public/lm/lmssbx10.pfb><y:/TinyTeX/texmf-dist/fonts/type1/public/lm/lmsso10.pfb><y:/TinyTeX/texmf-dist/fonts/type1/public/lm/lmsso12.pfb><y:/TinyTeX/texmf-dist/fonts/type1/public/lm/lmsso8.pfb><y:/TinyTeX/texmf-dist/fonts/type1/public/lm/lmsy10.pfb><y:/TinyTeX/texmf-dist/fonts/type1/public/lm/lmsy8.pfb><y:/TinyTeX/texmf-dist/fonts/type1/public/lm/lmtt10.pfb>
Output written on Presentation.pdf (48 pages, 4697940 bytes).
PDF statistics:
 798 PDF objects out of 1000 (max. 8388607)
 520 compressed objects within 6 object streams
 141 named destinations out of 1000 (max. 500000)
 37945 words of extra memory for PDF output out of 42996 (max. 10000000)

